1 Use Tilde for Matk
2 Chat Flood Allow
5 Enable Proxy Support
8 Custom Window Title
9 Disable 1rag1 type parameters (Recommended)
13 Disable Ragexe Filename Check (Recommended)
14 Disable Hallucination Wavy Screen (Recommended)
16 Disable Swear Filter
20 Extend Chat Box
21 Extend Chat Room Box
22 Extend PM Box
23 Enable /who command (Recommended)
24 Fix Camera Angles (Recommended)
28 Increase Headgear ViewID
32 Increase Zoom Out Max
34 Enable /showname (Recommended)
35 Read Data Folder First
38 Remove Gravity Ads (Recommended)
39 Remove Gravity Logo (Recommended)
41 Disable Nagle Algorithm (Recommended)
43 Always Use Email for Char Deletion
44 Translate Client (Recommended)
46 Use Normal Guild Brackets (Recommended)
47 Use Ragnarok Icon
48 Use Plain Text Descriptions (Recommended)
49 Enable Multiple GRFs (Recommended)
53 Use Ascii on All LangTypes (Recommended)
64 @ Bug Fix (Recommended)
65 Load Custom lua file instead of iteminfo*.lub (Recommended)
69 Extend Npc Dialog Box
73 Remove Hourly Announce (Recommended)
74 Increase Screenshot Quality
76 Enforce Official Login Background
88 Allow space in guild name
90 Enable DNS Support (Recommended)
98 Disable dc_scream.txt
99 Disable ba_frostjoke.txt
213 Disable Help Message on Login (Recommended)
215 Increase Map Quality
230 Always load Korea ExternalSettings lua file (Recommended)
231 Remove hardcoded address/port (Recommended)
232 Restore old login packet (Recommended)
242 Disable kRO Site Launch
270 Change AchievementList*.lub path
271 Change MonsterSizeEffect*.lub path
273 Change PetEvolutionCln*.lub path
275 Change CheckAttendance*.lub path
276 Change OngoingQuestInfoList*.lub path
277 Change RecommendedQuestInfoList*.lub path
278 Change PrivateAirplane*.lub path
279 Fix item description bug
281 Change players hp bar size
283 Change fade in/out delay
290 Hide build info in client (Recommended)
313 Change MapInfo*.lub path
317 Ignore Quest Errors
319 Opening To Service Select
323 Restore Songs Effect
324 Change second char create job
326 Disable OTP Login Packet (Recommended)
331 Disable Blind skills effect
338 Additional client validation (Recommended)
344 Mvp Drop Item Use Identified Name
348 Send client flags to server (Recommended)
349 Enable GvG Damage display
396 Change all load fonts charset
404 Use borderless mode in full screen (Recommended)
415 Remove blured background from new char creation window
427 Check is servertype in xml file was set to correct value (Recommended)
429 Protect shorten and bold name flags
475 Remove trait open button from status window
481 Remove the limit of max number displayed in damage/heal 
484 Show error message if server send wrong packet (Recommended)
485 Restore loading clientinfo.xml (Recommended)
486 Change coin id for buy emote packs
